<?xml version="1.0" encoding="UTF-8"?>
<!-- Generated by org.testng.reporters.JUnitXMLReporter -->
<testsuite ignored="2" hostname="Gangulas-MacBook.local" failures="0" tests="3" name="car loan" time="0.011" errors="0" timestamp="2024-11-02T12:30:41 IST">
  <testcase classname="test.day3" name="logincarloan" time="0.004"/>
  <testcase classname="test.day3" name="weblogincarloan" time="0.0"/>
  <testcase classname="test.day3" name="apilogincarloan" time="0.0"/>
  <testcase classname="test.day3" name="mobilelogincarloan" time="0.0">
    <ignored/>
  </testcase> <!-- mobilelogincarloan -->
  <testcase classname="test.day3" name="applogincarloan" time="0.0">
    <ignored/>
  </testcase> <!-- applogincarloan -->
</testsuite> <!-- car loan -->
