<?xml version="1.0" encoding="UTF-8"?>
<!-- Generated by org.testng.reporters.JUnitXMLReporter -->
<testsuite ignored="0" hostname="Gangulas-MacBook.local" failures="1" tests="5" name="carloan" time="0.021" errors="0" timestamp="2024-11-02T13:15:50 IST">
  <testcase classname="test.day2" name="demo" time="0.003"/>
  <testcase classname="test.day2" name="mobilelogin" time="0.0"/>
  <testcase classname="test.day2" name="mobilesignin" time="0.0"/>
  <testcase classname="test.day2" name="mobilesignout" time="0.001"/>
  <testcase classname="test.day2" name="worldmethod" time="0.003">
    <failure type="java.lang.AssertionError" message="expected [true] but found [false]">
      <![CDATA[java.lang.AssertionError: expected [true] but found [false]
at test.day2.worldmethod(day2.java:37)
at java.base/java.util.ArrayList.forEach(ArrayList.java:1596)
... Removed 29 stack frames]]>
    </failure>
  </testcase> <!-- worldmethod -->
</testsuite> <!-- carloan -->
