<?xml version="1.0" encoding="UTF-8"?>
<!-- Generated by org.testng.reporters.JUnitXMLReporter -->
<testsuite ignored="7" hostname="Gangulas-MacBook.local" failures="0" tests="1" name="homeloan" time="0.004" errors="0" timestamp="2024-11-02T13:15:50 IST">
  <testcase classname="test.day4" name="mobileloginhomeloan" time="0.001"/>
  <testcase classname="test.day4" name="webloginhomeloan" time="0.0">
    <ignored/>
  </testcase> <!-- webloginhomeloan -->
  <testcase classname="test.day3" name="logincarloan" time="0.0">
    <ignored/>
  </testcase> <!-- logincarloan -->
  <testcase classname="test.day3" name="mobilelogincarloan" time="0.0">
    <ignored/>
  </testcase> <!-- mobilelogincarloan -->
  <testcase classname="test.day3" name="applogincarloan" time="0.0">
    <ignored/>
  </testcase> <!-- applogincarloan -->
  <testcase classname="test.day3" name="weblogincarloan" time="0.0">
    <ignored/>
  </testcase> <!-- weblogincarloan -->
  <testcase classname="test.day4" name="apiloginhomeloan" time="0.0">
    <ignored/>
  </testcase> <!-- apiloginhomeloan -->
  <testcase classname="test.day3" name="apilogincarloan" time="0.0">
    <ignored/>
  </testcase> <!-- apilogincarloan -->
</testsuite> <!-- homeloan -->
