<?xml version="1.0" encoding="UTF-8"?>
<!-- Generated by org.testng.reporters.JUnitXMLReporter -->
<testsuite ignored="15" hostname="Gangulas-MacBook.local" failures="0" tests="2" name="home loan" time="0.004" errors="0" timestamp="2024-11-02T12:30:41 IST">
  <testcase classname="test.day4" name="mobileloginhomeloan" time="0.001"/>
  <testcase classname="test.day3" name="mobilelogincarloan" time="0.001"/>
  <testcase classname="test.day3" name="applogincarloan" time="0.0">
    <ignored/>
  </testcase> <!-- applogincarloan -->
  <testcase classname="test.day3" name="@AfterSuite aftermobileloginhome" time="0.0">
    <ignored/>
  </testcase> <!-- @AfterSuite aftermobileloginhome -->
  <testcase classname="test.day3" name="weblogincarloan" time="0.0">
    <ignored/>
  </testcase> <!-- weblogincarloan -->
  <testcase classname="test.day3" name="applogincarloan" time="0.0">
    <ignored/>
  </testcase> <!-- applogincarloan -->
  <testcase classname="test.day4" name="apiloginhomeloan" time="0.0">
    <ignored/>
  </testcase> <!-- apiloginhomeloan -->
  <testcase classname="test.day3" name="@AfterTest aftermobileloghome" time="0.0">
    <ignored/>
  </testcase> <!-- @AfterTest aftermobileloghome -->
  <testcase classname="test.day3" name="logincarloan" time="0.0">
    <ignored/>
  </testcase> <!-- logincarloan -->
  <testcase classname="test.day3" name="@BeforeTest beforemobileloghome" time="0.0">
    <ignored/>
  </testcase> <!-- @BeforeTest beforemobileloghome -->
  <testcase classname="test.day3" name="@BeforeSuite beforemobileloginhome" time="0.0">
    <ignored/>
  </testcase> <!-- @BeforeSuite beforemobileloginhome -->
  <testcase classname="test.day3" name="mobilelogincarloan" time="0.0">
    <ignored/>
  </testcase> <!-- mobilelogincarloan -->
  <testcase classname="test.day3" name="apilogincarloan" time="0.0">
    <ignored/>
  </testcase> <!-- apilogincarloan -->
  <testcase classname="test.day4" name="webloginhomeloan" time="0.0">
    <ignored/>
  </testcase> <!-- webloginhomeloan -->
  <testcase classname="test.day3" name="logincarloan" time="0.0">
    <ignored/>
  </testcase> <!-- logincarloan -->
  <testcase classname="test.day3" name="apilogincarloan" time="0.0">
    <ignored/>
  </testcase> <!-- apilogincarloan -->
  <testcase classname="test.day3" name="weblogincarloan" time="0.0">
    <ignored/>
  </testcase> <!-- weblogincarloan -->
</testsuite> <!-- home loan -->
