<?xml version="1.0" encoding="UTF-8"?>
<!-- Generated by org.testng.reporters.JUnitXMLReporter -->
<testsuite ignored="3" hostname="Gangulas-MacBook.local" failures="1" tests="6" name="personal loan" time="0.029" errors="0" timestamp="2024-11-02T12:30:41 IST">
  <testcase classname="test.day1" name="demo" time="0.003"/>
  <testcase classname="test.day1" name="seconddemo" time="0.0"/>
  <testcase classname="test.day1" name="seconddemo" time="0.001"/>
  <testcase classname="test.day1" name="seconddemo" time="0.0"/>
  <testcase classname="test.day2" name="demo" time="0.001"/>
  <testcase classname="test.day2" name="worldmethod" time="0.005">
    <failure type="java.lang.AssertionError" message="expected [true] but found [false]">
      <![CDATA[java.lang.AssertionError: expected [true] but found [false]
at test.day2.worldmethod(day2.java:37)
at java.base/java.util.ArrayList.forEach(ArrayList.java:1596)
... Removed 29 stack frames]]>
    </failure>
  </testcase> <!-- worldmethod -->
  <testcase classname="test.day2" name="mobilelogin" time="0.0">
    <ignored/>
  </testcase> <!-- mobilelogin -->
  <testcase classname="test.day2" name="mobilesignout" time="0.0">
    <ignored/>
  </testcase> <!-- mobilesignout -->
  <testcase classname="test.day2" name="mobilesignin" time="0.0">
    <ignored/>
  </testcase> <!-- mobilesignin -->
</testsuite> <!-- personal loan -->
