<?xml version="1.0" encoding="UTF-8"?>
<testng-results ignored="0" total="6" passed="5" failed="1" skipped="0">
  <reporter-output>
  </reporter-output>
  <suite started-at="2024-11-02T13:15:50 IST" name="loan department" finished-at="2024-11-02T13:15:50 IST" duration-ms="56">
    <groups>
      <group name="smoke">
        <method signature="day2.demo()[pri:0, instance:test.day2@2145b572]" name="demo" class="test.day2"/>
      </group> <!-- smoke -->
    </groups>
    <test started-at="2024-11-02T13:15:50 IST" name="carloan" finished-at="2024-11-02T13:15:50 IST" duration-ms="21">
      <class name="test.day2">
        <test-method signature="demo()[pri:0, instance:test.day2@2145b572]" started-at="2024-11-02T13:15:50 IST" name="demo" finished-at="2024-11-02T13:15:50 IST" duration-ms="3" status="PASS">
          <reporter-output>
          </reporter-output>
        </test-method> <!-- demo -->
        <test-method signature="mobilelogin()[pri:0, instance:test.day2@2145b572]" started-at="2024-11-02T13:15:50 IST" name="mobilelogin" finished-at="2024-11-02T13:15:50 IST" duration-ms="0" status="PASS">
          <reporter-output>
          </reporter-output>
        </test-method> <!-- mobilelogin -->
        <test-method signature="mobilesignin()[pri:0, instance:test.day2@2145b572]" started-at="2024-11-02T13:15:50 IST" name="mobilesignin" finished-at="2024-11-02T13:15:50 IST" duration-ms="0" status="PASS">
          <reporter-output>
          </reporter-output>
        </test-method> <!-- mobilesignin -->
        <test-method signature="mobilesignout()[pri:0, instance:test.day2@2145b572]" started-at="2024-11-02T13:15:50 IST" name="mobilesignout" finished-at="2024-11-02T13:15:50 IST" duration-ms="1" status="PASS">
          <reporter-output>
          </reporter-output>
        </test-method> <!-- mobilesignout -->
        <test-method signature="worldmethod()[pri:0, instance:test.day2@2145b572]" started-at="2024-11-02T13:15:50 IST" name="worldmethod" finished-at="2024-11-02T13:15:50 IST" duration-ms="3" status="FAIL">
          <exception class="java.lang.AssertionError">
            <message>
              <![CDATA[expected [true] but found [false]]]>
            </message>
            <full-stacktrace>
              <![CDATA[java.lang.AssertionError: expected [true] but found [false]
at org.testng.Assert.fail(Assert.java:111)
at org.testng.Assert.failNotEquals(Assert.java:1578)
at org.testng.Assert.assertTrue(Assert.java:57)
at org.testng.Assert.assertTrue(Assert.java:67)
at test.day2.worldmethod(day2.java:37)
at java.base/jdk.internal.reflect.DirectMethodHandleAccessor.invoke(DirectMethodHandleAccessor.java:103)
at java.base/java.lang.reflect.Method.invoke(Method.java:580)
at org.testng.internal.invokers.MethodInvocationHelper.invokeMethod(MethodInvocationHelper.java:139)
at org.testng.internal.invokers.TestInvoker.invokeMethod(TestInvoker.java:664)
at org.testng.internal.invokers.TestInvoker.invokeTestMethod(TestInvoker.java:228)
at org.testng.internal.invokers.MethodRunner.runInSequence(MethodRunner.java:63)
at org.testng.internal.invokers.TestInvoker$MethodInvocationAgent.invoke(TestInvoker.java:961)
at org.testng.internal.invokers.TestInvoker.invokeTestMethods(TestInvoker.java:201)
at org.testng.internal.invokers.TestMethodWorker.invokeTestMethods(TestMethodWorker.java:148)
at org.testng.internal.invokers.TestMethodWorker.run(TestMethodWorker.java:128)
at java.base/java.util.ArrayList.forEach(ArrayList.java:1596)
at org.testng.TestRunner.privateRun(TestRunner.java:819)
at org.testng.TestRunner.run(TestRunner.java:619)
at org.testng.SuiteRunner.runTest(SuiteRunner.java:443)
at org.testng.SuiteRunner.runSequentially(SuiteRunner.java:437)
at org.testng.SuiteRunner.privateRun(SuiteRunner.java:397)
at org.testng.SuiteRunner.run(SuiteRunner.java:336)
at org.testng.SuiteRunnerWorker.runSuite(SuiteRunnerWorker.java:52)
at org.testng.SuiteRunnerWorker.run(SuiteRunnerWorker.java:95)
at org.testng.TestNG.runSuitesSequentially(TestNG.java:1301)
at org.testng.TestNG.runSuitesLocally(TestNG.java:1228)
at org.testng.TestNG.runSuites(TestNG.java:1134)
at org.testng.TestNG.run(TestNG.java:1101)
at org.testng.remote.AbstractRemoteTestNG.run(AbstractRemoteTestNG.java:115)
at org.testng.remote.RemoteTestNG.initAndRun(RemoteTestNG.java:293)
at org.testng.remote.RemoteTestNG.main(RemoteTestNG.java:91)
]]>
            </full-stacktrace>
          </exception> <!-- java.lang.AssertionError -->
          <reporter-output>
          </reporter-output>
        </test-method> <!-- worldmethod -->
      </class> <!-- test.day2 -->
    </test> <!-- carloan -->
    <test started-at="2024-11-02T13:15:50 IST" name="homeloan" finished-at="2024-11-02T13:15:50 IST" duration-ms="4">
      <class name="test.day4">
        <test-method is-config="true" signature="beforemobileloginhome()[pri:0, instance:test.day4@35e2d654]" started-at="2024-11-02T13:15:50 IST" name="beforemobileloginhome" finished-at="2024-11-02T13:15:50 IST" duration-ms="3" status="PASS">
          <reporter-output>
          </reporter-output>
        </test-method> <!-- beforemobileloginhome -->
        <test-method is-config="true" signature="beforemobileloghome()[pri:0, instance:test.day4@35e2d654]" started-at="2024-11-02T13:15:50 IST" name="beforemobileloghome" finished-at="2024-11-02T13:15:50 IST" duration-ms="0" status="PASS">
          <reporter-output>
          </reporter-output>
        </test-method> <!-- beforemobileloghome -->
        <test-method is-config="true" signature="beforeclasslogin()[pri:0, instance:test.day4@35e2d654]" started-at="2024-11-02T13:15:50 IST" name="beforeclasslogin" finished-at="2024-11-02T13:15:50 IST" duration-ms="0" status="PASS">
          <reporter-output>
          </reporter-output>
        </test-method> <!-- beforeclasslogin -->
        <test-method signature="mobileloginhomeloan(java.lang.String)[pri:0, instance:test.day4@35e2d654]" started-at="2024-11-02T13:15:50 IST" name="mobileloginhomeloan" finished-at="2024-11-02T13:15:50 IST" duration-ms="1" status="PASS">
          <params>
            <param index="0">
              <value>
                <![CDATA[QACLICKACADEMY]]>
              </value>
            </param>
          </params>
          <reporter-output>
          </reporter-output>
        </test-method> <!-- mobileloginhomeloan -->
        <test-method is-config="true" signature="apilogincarbeforeloan()[pri:0, instance:test.day4@35e2d654]" started-at="2024-11-02T13:15:50 IST" name="apilogincarbeforeloan" finished-at="2024-11-02T13:15:50 IST" duration-ms="0" status="PASS">
          <reporter-output>
          </reporter-output>
        </test-method> <!-- apilogincarbeforeloan -->
        <test-method is-config="true" signature="apilogincarafterloan()[pri:0, instance:test.day4@35e2d654]" started-at="2024-11-02T13:15:50 IST" name="apilogincarafterloan" finished-at="2024-11-02T13:15:50 IST" duration-ms="1" status="PASS">
          <reporter-output>
          </reporter-output>
        </test-method> <!-- apilogincarafterloan -->
        <test-method is-config="true" signature="aftermobileloghome()[pri:0, instance:test.day4@35e2d654]" started-at="2024-11-02T13:15:50 IST" name="aftermobileloghome" finished-at="2024-11-02T13:15:50 IST" duration-ms="0" status="PASS">
          <reporter-output>
          </reporter-output>
        </test-method> <!-- aftermobileloghome -->
        <test-method is-config="true" signature="afterclasslogin()[pri:0, instance:test.day4@35e2d654]" started-at="2024-11-02T13:15:50 IST" name="afterclasslogin" finished-at="2024-11-02T13:15:50 IST" duration-ms="0" status="PASS">
          <reporter-output>
          </reporter-output>
        </test-method> <!-- afterclasslogin -->
        <test-method is-config="true" signature="aftermobileloginhome()[pri:0, instance:test.day4@35e2d654]" started-at="2024-11-02T13:15:50 IST" name="aftermobileloginhome" finished-at="2024-11-02T13:15:50 IST" duration-ms="0" status="PASS">
          <reporter-output>
          </reporter-output>
        </test-method> <!-- aftermobileloginhome -->
      </class> <!-- test.day4 -->
    </test> <!-- homeloan -->
  </suite> <!-- loan department -->
</testng-results>
